[03:58:35] [ServerMain/INFO]: Environment: Environment[sessionHost=https://sessionserver.mojang.com, servicesHost=https://api.minecraftservices.com, name=PROD]
[03:58:36] [ServerMain/INFO]: No existing world data, creating new world
[03:58:36] [ServerMain/INFO]: Loaded 1370 recipes
[03:58:36] [ServerMain/INFO]: Loaded 1481 advancements
[03:58:37] [Server thread/INFO]: Starting minecraft server version 1.21.4
[03:58:37] [Server thread/INFO]: Loading properties
[03:58:37] [Server thread/INFO]: Default game type: SURVIVAL
[03:58:37] [Server thread/INFO]: Generating keypair
[03:58:37] [Server console handler/ERROR]: Exception handling console input
java.io.IOException: ハンドルが無効です。
	at java.base/java.io.FileInputStream.readBytes(Native Method) ~[?:?]
	at java.base/java.io.FileInputStream.read(FileInputStream.java:287) ~[?:?]
	at java.base/java.io.BufferedInputStream.read1(BufferedInputStream.java:345) ~[?:?]
	at java.base/java.io.BufferedInputStream.implRead(BufferedInputStream.java:420) ~[?:?]
	at java.base/java.io.BufferedInputStream.read(BufferedInputStream.java:399) ~[?:?]
	at java.base/sun.nio.cs.StreamDecoder.readBytes(StreamDecoder.java:350) ~[?:?]
	at java.base/sun.nio.cs.StreamDecoder.implRead(StreamDecoder.java:393) ~[?:?]
	at java.base/sun.nio.cs.StreamDecoder.lockedRead(StreamDecoder.java:217) ~[?:?]
	at java.base/sun.nio.cs.StreamDecoder.read(StreamDecoder.java:171) ~[?:?]
	at java.base/java.io.InputStreamReader.read(InputStreamReader.java:188) ~[?:?]
	at java.base/java.io.BufferedReader.fill(BufferedReader.java:160) ~[?:?]
	at java.base/java.io.BufferedReader.implReadLine(BufferedReader.java:370) ~[?:?]
	at java.base/java.io.BufferedReader.readLine(BufferedReader.java:347) ~[?:?]
	at java.base/java.io.BufferedReader.readLine(BufferedReader.java:436) ~[?:?]
	at apu$1.run(SourceFile:102) [server-1.21.4.jar:?]
[03:58:37] [Server thread/INFO]: Starting Minecraft server on *:25565
[03:58:37] [Server thread/INFO]: Using default channel type
[03:58:37] [Server thread/INFO]: Preparing level "world"
[03:58:40] [Server thread/INFO]: Preparing start region for dimension minecraft:overworld
[03:58:40] [Worker-Main-2/INFO]: Preparing spawn area: 2%
[03:58:40] [Worker-Main-8/INFO]: Preparing spawn area: 2%
[03:58:41] [Worker-Main-19/INFO]: Preparing spawn area: 2%
[03:58:41] [Worker-Main-1/INFO]: Preparing spawn area: 2%
[03:58:42] [Worker-Main-7/INFO]: Preparing spawn area: 18%
[03:58:42] [Worker-Main-21/INFO]: Preparing spawn area: 51%
[03:58:43] [Worker-Main-15/INFO]: Preparing spawn area: 51%
[03:58:43] [Server thread/INFO]: Time elapsed: 3113 ms
[03:58:43] [Server thread/INFO]: Done (5.918s)! For help, type "help"
[03:58:52] [User Authenticator #1/INFO]: UUID of player Rqwen7 is a485a35b-42b1-476e-998e-42f76262ed87
[03:58:52] [Server thread/INFO]: Rqwen7[/10.144.159.251:54573] logged in with entity id 25 at (7.5, 103.0, 10.5)
[03:58:52] [Server thread/INFO]: Rqwen7 joined the game
[03:59:00] [User Authenticator #2/INFO]: UUID of player ChronoClash is 468b6482-dc81-493a-ac0f-5d0d32f7894a
[03:59:00] [Server thread/INFO]: ChronoClash[/10.144.227.201:54919] logged in with entity id 214 at (9.5, 97.0, 2.5)
[03:59:00] [Server thread/INFO]: ChronoClash joined the game
[03:59:01] [User Authenticator #3/INFO]: UUID of player andy20001g is fc5d1d0e-cb61-49b2-b91f-a2f9303168e2
[03:59:01] [Server thread/INFO]: andy20001g[/10.144.22.67:61617] logged in with entity id 242 at (-2.5, 105.0, 1.5)
[03:59:01] [Server thread/INFO]: andy20001g joined the game
[03:59:06] [User Authenticator #4/INFO]: UUID of player shuichi_0319 is 0bdc0e06-fdd9-486f-8acf-44b71043331f
[03:59:06] [Server thread/INFO]: shuichi_0319[/10.144.115.57:53070] logged in with entity id 381 at (-1.5, 107.0, 5.5)
[03:59:06] [Server thread/INFO]: shuichi_0319 joined the game
[03:59:06] [Server thread/INFO]: andy20001g lost connection: Disconnected
[03:59:06] [Server thread/INFO]: andy20001g left the game
[03:59:26] [User Authenticator #5/INFO]: UUID of player Tsugu_Tsugu26 is b6eb443a-812a-4e10-9239-800ee3f0ae9d
[03:59:26] [Server thread/INFO]: Tsugu_Tsugu26[/10.144.90.4:64850] logged in with entity id 580 at (2.5, 100.0, -1.5)
[03:59:26] [Server thread/INFO]: Tsugu_Tsugu26 joined the game
[03:59:46] [User Authenticator #6/INFO]: UUID of player andy20001g is fc5d1d0e-cb61-49b2-b91f-a2f9303168e2
[03:59:46] [Server thread/INFO]: andy20001g[/10.144.22.67:61753] logged in with entity id 770 at (-2.5, 105.0, 1.5)
[03:59:46] [Server thread/INFO]: andy20001g joined the game
[04:02:03] [Server thread/WARN]: Mismatch in destroy block pos: ji{x=-8, y=95, z=-260} ji{x=-9, y=95, z=-260}
[04:02:03] [Server thread/WARN]: Mismatch in destroy block pos: ji{x=-8, y=95, z=-260} ji{x=-9, y=95, z=-260}
[04:02:07] [Server thread/INFO]: Rqwen7 has made the advancement [Acquire Hardware]
[04:04:06] [Server thread/INFO]: andy20001g has made the advancement [Stone Age]
[04:04:32] [Server thread/INFO]: ChronoClash has made the advancement [Stone Age]
[04:04:53] [Server thread/INFO]: ChronoClash has made the advancement [Getting an Upgrade]
[04:05:44] [Server thread/INFO]: Tsugu_Tsugu26 has made the advancement [Stone Age]
[04:06:05] [Server thread/INFO]: Tsugu_Tsugu26 has made the advancement [Getting an Upgrade]
[04:06:23] [Server thread/INFO]: ChronoClash has made the advancement [Acquire Hardware]
[04:07:21] [Server thread/INFO]: Rqwen7 has made the advancement [Stone Age]
[04:07:59] [Server thread/INFO]: Rqwen7 has made the advancement [Getting an Upgrade]
[04:09:02] [Server thread/INFO]: shuichi_0319 has made the advancement [Stone Age]
[04:09:16] [Server thread/INFO]: Tsugu_Tsugu26 has made the advancement [Sweet Dreams]
[04:09:17] [Server thread/INFO]: andy20001g has made the advancement [Sweet Dreams]
[04:09:20] [Server thread/INFO]: shuichi_0319 has made the advancement [Sweet Dreams]
[04:09:25] [Server thread/INFO]: Rqwen7 has made the advancement [Sweet Dreams]
[04:09:34] [Server thread/INFO]: ChronoClash has made the advancement [Sweet Dreams]
[04:10:35] [Server thread/INFO]: ChronoClash has made the advancement [Not Today, Thank You]
[04:10:40] [Server thread/INFO]: shuichi_0319 has made the advancement [Getting an Upgrade]
[04:10:41] [Server thread/INFO]: andy20001g has made the advancement [Acquire Hardware]
[04:10:54] [Server thread/INFO]: ChronoClash has made the advancement [Monster Hunter]
[04:12:51] [Server thread/INFO]: andy20001g has made the advancement [A Seedy Place]
[04:13:59] [Server thread/INFO]: shuichi_0319 has made the advancement [Acquire Hardware]
[04:14:08] [Server thread/INFO]: shuichi_0319 has made the advancement [Isn't It Iron Pick]
[04:16:00] [Server thread/INFO]: andy20001g has made the advancement [Getting an Upgrade]
[04:22:51] [Server thread/INFO]: shuichi_0319 has made the advancement [Monster Hunter]
[04:32:48] [Server thread/INFO]: ChronoClash has made the advancement [Isn't It Iron Pick]
[04:33:31] [Server thread/INFO]: ChronoClash has made the advancement [Suit Up]
[04:41:37] [Server thread/INFO]: Rqwen7 has made the advancement [Hot Stuff]
[04:42:48] [Server thread/INFO]: <ChronoClash> waa
[04:49:08] [Server thread/INFO]: Rqwen7 lost connection: Disconnected
[04:49:08] [Server thread/INFO]: Rqwen7 left the game
[04:53:10] [User Authenticator #7/INFO]: UUID of player Rqwen7 is a485a35b-42b1-476e-998e-42f76262ed87
[04:53:10] [Server thread/INFO]: Rqwen7[/10.144.159.251:62391] logged in with entity id 26944 at (-23.899344528458474, 93.0, -185.71429810054119)
[04:53:10] [Server thread/INFO]: Rqwen7 joined the game
[04:54:17] [Server thread/INFO]: Rqwen7 lost connection: Disconnected
[04:54:17] [Server thread/INFO]: Rqwen7 left the game
[04:54:28] [User Authenticator #8/INFO]: UUID of player Rqwen7 is a485a35b-42b1-476e-998e-42f76262ed87
[04:54:28] [Server thread/INFO]: Rqwen7[/10.144.159.251:57766] logged in with entity id 27353 at (-42.5, 93.0, -146.5)
[04:54:28] [Server thread/INFO]: Rqwen7 joined the game
[04:56:13] [Server thread/INFO]: Rqwen7 lost connection: Timed out
[04:56:13] [Server thread/INFO]: Rqwen7 left the game
[04:56:15] [Server thread/INFO]: <shuichi_0319> waaaaaaa
[04:56:38] [Server thread/INFO]: <shuichi_0319> zzzzzz
[04:56:40] [Server thread/INFO]: <ChronoClash> zzz
[04:56:41] [Server thread/INFO]: <ChronoClash> zzz
[04:56:51] [Server thread/INFO]: andy20001g has made the advancement [Monster Hunter]
[04:56:55] [User Authenticator #9/INFO]: UUID of player Rqwen7 is a485a35b-42b1-476e-998e-42f76262ed87
[04:56:55] [Server thread/INFO]: Rqwen7[/10.144.159.251:57927] logged in with entity id 28042 at (-5.569150351710826, 88.0, -128.82704666383825)
[04:56:55] [Server thread/INFO]: Rqwen7 joined the game
[04:58:17] [Server thread/INFO]: Rqwen7 lost connection: Disconnected
[04:58:17] [Server thread/INFO]: Rqwen7 left the game
[04:58:39] [User Authenticator #10/INFO]: UUID of player Rqwen7 is a485a35b-42b1-476e-998e-42f76262ed87
[04:58:39] [Server thread/INFO]: Rqwen7[/10.144.159.251:58020] logged in with entity id 28467 at (-3.0209632501916492, 87.9375, -109.04672913883854)
[04:58:39] [Server thread/INFO]: Rqwen7 joined the game
[04:58:53] [Server thread/INFO]: Tsugu_Tsugu26 has made the advancement [Suit Up]
[04:58:58] [Server thread/INFO]: Villager coj['Butcher'/457, l='ServerLevel[world]', x=-43.66, y=97.00, z=-215.69] died, message: 'Butcher was slain by Zombie'
[05:00:17] [Server thread/INFO]: Rqwen7 lost connection: Disconnected
[05:00:17] [Server thread/INFO]: Rqwen7 left the game
[05:00:21] [User Authenticator #11/INFO]: UUID of player Rqwen7 is a485a35b-42b1-476e-998e-42f76262ed87
[05:00:21] [Server thread/INFO]: Rqwen7[/10.144.159.251:58152] logged in with entity id 28902 at (5.663642676983007, 88.0, -116.62328245965709)
[05:00:21] [Server thread/INFO]: Rqwen7 joined the game
[05:01:34] [Server thread/INFO]: Tsugu_Tsugu26 lost connection: Disconnected
[05:01:34] [Server thread/INFO]: Tsugu_Tsugu26 left the game
[05:01:40] [Server thread/INFO]: andy20001g lost connection: Disconnected
[05:01:40] [Server thread/INFO]: andy20001g left the game
[05:01:57] [Server thread/INFO]: shuichi_0319 lost connection: Disconnected
[05:01:57] [Server thread/INFO]: shuichi_0319 left the game
[05:02:09] [Server thread/INFO]: ChronoClash lost connection: Disconnected
[05:02:09] [Server thread/INFO]: ChronoClash left the game
[05:02:28] [Server thread/INFO]: Rqwen7 lost connection: Disconnected
[05:02:28] [Server thread/INFO]: Rqwen7 left the game
[05:02:38] [Server thread/INFO]: Stopping the server
[05:02:38] [Server thread/INFO]: Stopping server
[05:02:38] [Server thread/INFO]: Saving players
[05:02:38] [Server thread/INFO]: Saving worlds
[05:02:38] [Server thread/INFO]: Saving chunks for level 'ServerLevel[world]'/minecraft:overworld
[05:02:38] [Server thread/INFO]: Saving chunks for level 'ServerLevel[world]'/minecraft:the_nether
[05:02:38] [Server thread/INFO]: Saving chunks for level 'ServerLevel[world]'/minecraft:the_end
[05:02:38] [Server thread/INFO]: ThreadedAnvilChunkStorage (world): All chunks are saved
[05:02:38] [Server thread/INFO]: ThreadedAnvilChunkStorage (DIM-1): All chunks are saved
[05:02:38] [Server thread/INFO]: ThreadedAnvilChunkStorage (DIM1): All chunks are saved
[05:02:38] [Server thread/INFO]: ThreadedAnvilChunkStorage: All dimensions are saved
